Practice7/firebaseauth/build/intermediates/manifest_merge_blame_file/debug/manifest-merger-blame-debug-report.txt
1<?xml version="1.0" encoding="utf-8"?>
2<manifest xmlns:android="http://schemas.android.com/apk/res/android"
3    package="com.example.firebaseauth"
4    android:versionCode="1"
5    android:versionName="1.0" >
6
7    <uses-sdk
8        android:minSdkVersion="21"
8-->src/main/AndroidManifest.xml
9        android:targetSdkVersion="30" />
9-->src/main/AndroidManifest.xml
10
11    <application
11-->src/main/AndroidManifest.xml:5:5-19:19
12        android:allowBackup="true"
12-->src/main/AndroidManifest.xml:6:9-35
13        android:appComponentFactory="androidx.core.app.CoreComponentFactory"
13-->[androidx.core:core:1.5.0] AndroidManifest.xml:24:18-86
14        android:debuggable="true"
15        android:icon="@mipmap/ic_launcher"
15-->src/main/AndroidManifest.xml:7:9-43
16        android:label="@string/app_name"
16-->src/main/AndroidManifest.xml:8:9-41
17        android:roundIcon="@mipmap/ic_launcher_round"
17-->src/main/AndroidManifest.xml:9:9-54
18        android:supportsRtl="true"
18-->src/main/AndroidManifest.xml:10:9-35
19        android:testOnly="true"
20        android:theme="@style/Theme.Practice7" >
20-->src/main/AndroidManifest.xml:11:9-47
21        <activity android:name="com.example.firebaseauth.MainActivity" >
21-->src/main/AndroidManifest.xml:12:9-18:20
21-->src/main/AndroidManifest.xml:12:19-47
22            <intent-filter>
22-->src/main/AndroidManifest.xml:13:13-17:29
23                <action android:name="android.intent.action.MAIN" />
23-->src/main/AndroidManifest.xml:14:17-69
23-->src/main/AndroidManifest.xml:14:25-66
24
25                <category android:name="android.intent.category.LAUNCHER" />
25-->src/main/AndroidManifest.xml:16:17-77
25-->src/main/AndroidManifest.xml:16:27-74
26            </intent-filter>
27        </activity>
28        <activity
28-->[com.google.firebase:firebase-auth:19.2.0] AndroidManifest.xml:24:9-31:50
29            android:name="com.google.firebase.auth.internal.FederatedSignInActivity"
29-->[com.google.firebase:firebase-auth:19.2.0] AndroidManifest.xml:25:13-85
30            android:excludeFromRecents="true"
30-->[com.google.firebase:firebase-auth:19.2.0] AndroidManifest.xml:26:13-46
31            android:exported="true"
31-->[com.google.firebase:firebase-auth:19.2.0] AndroidManifest.xml:27:13-36
32            android:launchMode="singleTask"
32-->[com.google.firebase:firebase-auth:19.2.0] AndroidManifest.xml:28:13-44
33            android:permission="com.google.firebase.auth.api.gms.permission.LAUNCH_FEDERATED_SIGN_IN"
33-->[com.google.firebase:firebase-auth:19.2.0] AndroidManifest.xml:29:13-102
34            android:theme="@android:style/Theme.Translucent.NoTitleBar" />
34-->[com.google.firebase:firebase-auth:19.2.0] AndroidManifest.xml:30:13-72
35
36        <service
36-->[com.google.firebase:firebase-auth:19.2.0] AndroidManifest.xml:33:9-39:19
37            android:name="com.google.firebase.components.ComponentDiscoveryService"
37-->[com.google.firebase:firebase-auth:19.2.0] AndroidManifest.xml:34:13-84
38            android:directBootAware="true"
38-->[com.google.firebase:firebase-common:19.3.0] AndroidManifest.xml:34:13-43
39            android:exported="false" >
39-->[com.google.firebase:firebase-auth:19.2.0] AndroidManifest.xml:35:13-37
40            <meta-data
40-->[com.google.firebase:firebase-auth:19.2.0] AndroidManifest.xml:36:13-38:85
41                android:name="com.google.firebase.components:com.google.firebase.auth.FirebaseAuthRegistrar"
41-->[com.google.firebase:firebase-auth:19.2.0] AndroidManifest.xml:37:17-109
42                android:value="com.google.firebase.components.ComponentRegistrar" />
42-->[com.google.firebase:firebase-auth:19.2.0] AndroidManifest.xml:38:17-82
43        </service>
44
45        <activity
45-->[com.google.android.gms:play-services-base:17.1.0] AndroidManifest.xml:23:9-26:75
46            android:name="com.google.android.gms.common.api.GoogleApiActivity"
46-->[com.google.android.gms:play-services-base:17.1.0] AndroidManifest.xml:24:13-79
47            android:exported="false"
47-->[com.google.android.gms:play-services-base:17.1.0] AndroidManifest.xml:25:13-37
48            android:theme="@android:style/Theme.Translucent.NoTitleBar" />
48-->[com.google.android.gms:play-services-base:17.1.0] AndroidManifest.xml:26:13-72
49
50        <provider
50-->[com.google.firebase:firebase-common:19.3.0] AndroidManifest.xml:26:9-30:39
51            android:name="com.google.firebase.provider.FirebaseInitProvider"
51-->[com.google.firebase:firebase-common:19.3.0] AndroidManifest.xml:27:13-77
52            android:authorities="com.example.firebaseauth.firebaseinitprovider"
52-->[com.google.firebase:firebase-common:19.3.0] AndroidManifest.xml:28:13-72
53            android:exported="false"
53-->[com.google.firebase:firebase-common:19.3.0] AndroidManifest.xml:29:13-37
54            android:initOrder="100" />
54-->[com.google.firebase:firebase-common:19.3.0] AndroidManifest.xml:30:13-36
55
56        <meta-data
56-->[com.google.android.gms:play-services-basement:17.0.0] AndroidManifest.xml:23:9-25:69
57            android:name="com.google.android.gms.version"
57-->[com.google.android.gms:play-services-basement:17.0.0] AndroidManifest.xml:24:13-58
58            android:value="@integer/google_play_services_version" />
58-->[com.google.android.gms:play-services-basement:17.0.0] AndroidManifest.xml:25:13-66
59    </application>
60
61</manifest>